2025-07-31T22:28:16.934+05:30  INFO 7974 --- [registration] [main] c.s.r.RegistrationApplication            : Starting RegistrationApplication using Java 22.0.1 with PID 7974 (/Users/asadibharadwaj/Documents/MyProjects/Microservices-Projects/User Registration BE/registration/target/classes started by asadibharadwaj in /Users/asadibharadwaj/Documents/MyProjects/Microservices-Projects/User Registration BE/registration)
2025-07-31T22:28:16.936+05:30 DEBUG 7974 --- [registration] [main] c.s.r.RegistrationApplication            : Running with Spring Boot v3.5.4, Spring v6.2.9
2025-07-31T22:28:16.937+05:30  INFO 7974 --- [registration] [main] c.s.r.RegistrationApplication            : No active profile set, falling back to 1 default profile: "default"
2025-07-31T22:28:17.332+05:30  INFO 7974 --- [registration] [main] .s.d.r.c.RepositoryConfigurationDelegate : Bootstrapping Spring Data JPA repositories in DEFAULT mode.
2025-07-31T22:28:17.361+05:30  INFO 7974 --- [registration] [main] .s.d.r.c.RepositoryConfigurationDelegate : Finished Spring Data repository scanning in 24 ms. Found 1 JPA repository interface.
2025-07-31T22:28:17.665+05:30  INFO 7974 --- [registration] [main] o.s.b.w.embedded.tomcat.TomcatWebServer  : Tomcat initialized with port 8081 (http)
2025-07-31T22:28:17.673+05:30  INFO 7974 --- [registration] [main] o.apache.catalina.core.StandardService   : Starting service [Tomcat]
2025-07-31T22:28:17.674+05:30  INFO 7974 --- [registration] [main] o.apache.catalina.core.StandardEngine    : Starting Servlet engine: [Apache Tomcat/10.1.43]
2025-07-31T22:28:17.709+05:30  INFO 7974 --- [registration] [main] o.a.c.c.C.[Tomcat].[localhost].[/]       : Initializing Spring embedded WebApplicationContext
2025-07-31T22:28:17.709+05:30  INFO 7974 --- [registration] [main] w.s.c.ServletWebServerApplicationContext : Root WebApplicationContext: initialization completed in 741 ms
2025-07-31T22:28:17.804+05:30  INFO 7974 --- [registration] [main] o.hibernate.jpa.internal.util.LogHelper  : HHH000204: Processing PersistenceUnitInfo [name: default]
2025-07-31T22:28:17.830+05:30  INFO 7974 --- [registration] [main] org.hibernate.Version                    : HHH000412: Hibernate ORM core version 6.6.22.Final
2025-07-31T22:28:17.846+05:30  INFO 7974 --- [registration] [main] o.h.c.internal.RegionFactoryInitiator    : HHH000026: Second-level cache disabled
2025-07-31T22:28:17.987+05:30  INFO 7974 --- [registration] [main] o.s.o.j.p.SpringPersistenceUnitInfo      : No LoadTimeWeaver setup: ignoring JPA class transformer
2025-07-31T22:28:18.002+05:30  INFO 7974 --- [registration] [main] com.zaxxer.hikari.HikariDataSource       : HikariPool-1 - Starting...
2025-07-31T22:28:18.230+05:30  INFO 7974 --- [registration] [main] com.zaxxer.hikari.pool.HikariPool        : HikariPool-1 - Added connection com.mysql.cj.jdbc.ConnectionImpl@749d7c01
2025-07-31T22:28:18.231+05:30  INFO 7974 --- [registration] [main] com.zaxxer.hikari.HikariDataSource       : HikariPool-1 - Start completed.
2025-07-31T22:28:18.277+05:30  INFO 7974 --- [registration] [main] org.hibernate.orm.connections.pooling    : HHH10001005: Database info:
	Database JDBC URL [Connecting through datasource 'HikariDataSource (HikariPool-1)']
	Database driver: undefined/unknown
	Database version: 8.4
	Autocommit mode: undefined/unknown
	Isolation level: undefined/unknown
	Minimum pool size: undefined/unknown
	Maximum pool size: undefined/unknown
2025-07-31T22:28:18.702+05:30  INFO 7974 --- [registration] [main] o.h.e.t.j.p.i.JtaPlatformInitiator       : HHH000489: No JTA platform available (set 'hibernate.transaction.jta.platform' to enable JTA platform integration)
2025-07-31T22:28:18.737+05:30  INFO 7974 --- [registration] [main] j.LocalContainerEntityManagerFactoryBean : Initialized JPA EntityManagerFactory for persistence unit 'default'
2025-07-31T22:28:18.915+05:30  WARN 7974 --- [registration] [main] JpaBaseConfiguration$JpaWebConfiguration : spring.jpa.open-in-view is enabled by default. Therefore, database queries may be performed during view rendering. Explicitly configure spring.jpa.open-in-view to disable this warning
2025-07-31T22:28:19.028+05:30  INFO 7974 --- [registration] [main] r$InitializeUserDetailsManagerConfigurer : Global AuthenticationManager configured with UserDetailsService bean with name inMemoryUserDetailsManager
2025-07-31T22:28:19.052+05:30  INFO 7974 --- [registration] [main] c.s.registration.config.SecurityConfig   : Entered securityFilterChain() :: SecurityConfig.class
2025-07-31T22:28:19.089+05:30  INFO 7974 --- [registration] [main] o.s.v.b.OptionalValidatorFactoryBean     : Failed to set up a Bean Validation provider: jakarta.validation.NoProviderFoundException: Unable to create a Configuration, because no Jakarta Bean Validation provider could be found. Add a provider like Hibernate Validator (RI) to your classpath.
2025-07-31T22:28:19.196+05:30  INFO 7974 --- [registration] [main] o.s.b.w.embedded.tomcat.TomcatWebServer  : Tomcat started on port 8081 (http) with context path '/'
2025-07-31T22:28:19.203+05:30  INFO 7974 --- [registration] [main] c.s.r.RegistrationApplication            : Started RegistrationApplication in 2.636 seconds (process running for 2.886)
2025-07-31T22:28:27.365+05:30  INFO 7974 --- [registration] [http-nio-8081-exec-1] o.a.c.c.C.[Tomcat].[localhost].[/]       : Initializing Spring DispatcherServlet 'dispatcherServlet'
2025-07-31T22:28:27.365+05:30  INFO 7974 --- [registration] [http-nio-8081-exec-1] o.s.web.servlet.DispatcherServlet        : Initializing Servlet 'dispatcherServlet'
2025-07-31T22:28:27.366+05:30  INFO 7974 --- [registration] [http-nio-8081-exec-1] o.s.web.servlet.DispatcherServlet        : Completed initialization in 1 ms
2025-07-31T22:28:27.663+05:30  INFO 7974 --- [registration] [http-nio-8081-exec-1] c.s.r.service.UserServiceImpl            : Registering user with email: p2@example.com
2025-07-31T22:28:27.739+05:30  INFO 7974 --- [registration] [http-nio-8081-exec-1] c.s.r.service.UserServiceImpl            : email already exists: p2@example.com
2025-07-31T22:28:55.807+05:30  INFO 7974 --- [registration] [SpringApplicationShutdownHook] o.s.b.w.e.tomcat.GracefulShutdown        : Commencing graceful shutdown. Waiting for active requests to complete
2025-07-31T22:28:55.817+05:30  INFO 7974 --- [registration] [tomcat-shutdown] o.s.b.w.e.tomcat.GracefulShutdown        : Graceful shutdown complete
2025-07-31T22:28:55.823+05:30  INFO 7974 --- [registration] [SpringApplicationShutdownHook] j.LocalContainerEntityManagerFactoryBean : Closing JPA EntityManagerFactory for persistence unit 'default'
2025-07-31T22:28:55.827+05:30  INFO 7974 --- [registration] [SpringApplicationShutdownHook] com.zaxxer.hikari.HikariDataSource       : HikariPool-1 - Shutdown initiated...
2025-07-31T22:28:55.837+05:30  INFO 7974 --- [registration] [SpringApplicationShutdownHook] com.zaxxer.hikari.HikariDataSource       : HikariPool-1 - Shutdown completed.
2025-07-31T22:29:23.644+05:30  INFO 7990 --- [registration] [main] c.s.r.RegistrationApplication            : Starting RegistrationApplication using Java 22.0.1 with PID 7990 (/Users/asadibharadwaj/Documents/MyProjects/Microservices-Projects/User Registration BE/registration/target/classes started by asadibharadwaj in /Users/asadibharadwaj/Documents/MyProjects/Microservices-Projects/User Registration BE/registration)
2025-07-31T22:29:23.645+05:30 DEBUG 7990 --- [registration] [main] c.s.r.RegistrationApplication            : Running with Spring Boot v3.5.4, Spring v6.2.9
2025-07-31T22:29:23.646+05:30  INFO 7990 --- [registration] [main] c.s.r.RegistrationApplication            : No active profile set, falling back to 1 default profile: "default"
2025-07-31T22:29:24.043+05:30  INFO 7990 --- [registration] [main] .s.d.r.c.RepositoryConfigurationDelegate : Bootstrapping Spring Data JPA repositories in DEFAULT mode.
2025-07-31T22:29:24.072+05:30  INFO 7990 --- [registration] [main] .s.d.r.c.RepositoryConfigurationDelegate : Finished Spring Data repository scanning in 24 ms. Found 1 JPA repository interface.
2025-07-31T22:29:24.385+05:30  INFO 7990 --- [registration] [main] o.s.b.w.embedded.tomcat.TomcatWebServer  : Tomcat initialized with port 8081 (http)
2025-07-31T22:29:24.394+05:30  INFO 7990 --- [registration] [main] o.apache.catalina.core.StandardService   : Starting service [Tomcat]
2025-07-31T22:29:24.395+05:30  INFO 7990 --- [registration] [main] o.apache.catalina.core.StandardEngine    : Starting Servlet engine: [Apache Tomcat/10.1.43]
2025-07-31T22:29:24.423+05:30  INFO 7990 --- [registration] [main] o.a.c.c.C.[Tomcat].[localhost].[/]       : Initializing Spring embedded WebApplicationContext
2025-07-31T22:29:24.423+05:30  INFO 7990 --- [registration] [main] w.s.c.ServletWebServerApplicationContext : Root WebApplicationContext: initialization completed in 751 ms
2025-07-31T22:29:24.520+05:30  INFO 7990 --- [registration] [main] o.hibernate.jpa.internal.util.LogHelper  : HHH000204: Processing PersistenceUnitInfo [name: default]
2025-07-31T22:29:24.545+05:30  INFO 7990 --- [registration] [main] org.hibernate.Version                    : HHH000412: Hibernate ORM core version 6.6.22.Final
2025-07-31T22:29:24.561+05:30  INFO 7990 --- [registration] [main] o.h.c.internal.RegionFactoryInitiator    : HHH000026: Second-level cache disabled
2025-07-31T22:29:24.710+05:30  INFO 7990 --- [registration] [main] o.s.o.j.p.SpringPersistenceUnitInfo      : No LoadTimeWeaver setup: ignoring JPA class transformer
2025-07-31T22:29:24.728+05:30  INFO 7990 --- [registration] [main] com.zaxxer.hikari.HikariDataSource       : HikariPool-1 - Starting...
2025-07-31T22:29:24.956+05:30  INFO 7990 --- [registration] [main] com.zaxxer.hikari.pool.HikariPool        : HikariPool-1 - Added connection com.mysql.cj.jdbc.ConnectionImpl@6c70b7c3
2025-07-31T22:29:24.957+05:30  INFO 7990 --- [registration] [main] com.zaxxer.hikari.HikariDataSource       : HikariPool-1 - Start completed.
2025-07-31T22:29:25.003+05:30  INFO 7990 --- [registration] [main] org.hibernate.orm.connections.pooling    : HHH10001005: Database info:
	Database JDBC URL [Connecting through datasource 'HikariDataSource (HikariPool-1)']
	Database driver: undefined/unknown
	Database version: 8.4
	Autocommit mode: undefined/unknown
	Isolation level: undefined/unknown
	Minimum pool size: undefined/unknown
	Maximum pool size: undefined/unknown
2025-07-31T22:29:25.444+05:30  INFO 7990 --- [registration] [main] o.h.e.t.j.p.i.JtaPlatformInitiator       : HHH000489: No JTA platform available (set 'hibernate.transaction.jta.platform' to enable JTA platform integration)
2025-07-31T22:29:25.473+05:30  INFO 7990 --- [registration] [main] j.LocalContainerEntityManagerFactoryBean : Initialized JPA EntityManagerFactory for persistence unit 'default'
2025-07-31T22:29:25.672+05:30  WARN 7990 --- [registration] [main] JpaBaseConfiguration$JpaWebConfiguration : spring.jpa.open-in-view is enabled by default. Therefore, database queries may be performed during view rendering. Explicitly configure spring.jpa.open-in-view to disable this warning
2025-07-31T22:29:25.779+05:30  INFO 7990 --- [registration] [main] r$InitializeUserDetailsManagerConfigurer : Global AuthenticationManager configured with UserDetailsService bean with name inMemoryUserDetailsManager
2025-07-31T22:29:25.804+05:30  INFO 7990 --- [registration] [main] c.s.registration.config.SecurityConfig   : Entered securityFilterChain() :: SecurityConfig.class
2025-07-31T22:29:25.841+05:30  INFO 7990 --- [registration] [main] o.s.v.b.OptionalValidatorFactoryBean     : Failed to set up a Bean Validation provider: jakarta.validation.NoProviderFoundException: Unable to create a Configuration, because no Jakarta Bean Validation provider could be found. Add a provider like Hibernate Validator (RI) to your classpath.
2025-07-31T22:29:25.956+05:30  INFO 7990 --- [registration] [main] o.s.b.w.embedded.tomcat.TomcatWebServer  : Tomcat started on port 8081 (http) with context path '/'
2025-07-31T22:29:25.963+05:30  INFO 7990 --- [registration] [main] c.s.r.RegistrationApplication            : Started RegistrationApplication in 2.668 seconds (process running for 2.948)
2025-07-31T22:29:30.280+05:30  INFO 7990 --- [registration] [http-nio-8081-exec-1] o.a.c.c.C.[Tomcat].[localhost].[/]       : Initializing Spring DispatcherServlet 'dispatcherServlet'
2025-07-31T22:29:30.280+05:30  INFO 7990 --- [registration] [http-nio-8081-exec-1] o.s.web.servlet.DispatcherServlet        : Initializing Servlet 'dispatcherServlet'
2025-07-31T22:29:30.282+05:30  INFO 7990 --- [registration] [http-nio-8081-exec-1] o.s.web.servlet.DispatcherServlet        : Completed initialization in 1 ms
